Using pre-set license
Built from '2020.3/staging' branch; Version is '2020.3.26f1 (7298b473bc1a) revision 7510196'; Using compiler version '192528614'; Build Type 'Release'
OS: 'Windows 10  (10.0.19044) 64bit Core' Language: 'ko' Physical Memory: 65462 MB
BatchMode: 1, IsHumanControllingUs: 0, StartBugReporterOnCrash: 0, Is64bit: 1, IsPro: 0

COMMAND LINE ARGUMENTS:
C:\Program Files\2020.3.26f1\Editor\Unity.exe
-adb2
-batchMode
-noUpm
-name
AssetImportWorker0
-projectPath
C:/Users/USER/Documents/GitHub/MaWang/TM
-logFile
Logs/AssetImportWorker0.log
-srvPort
57995
Successfully changed project path to: C:/Users/USER/Documents/GitHub/MaWang/TM
C:/Users/USER/Documents/GitHub/MaWang/TM
Using Asset Import Pipeline V2.
Refreshing native plugins compatible for Editor in 40.48 ms, found 3 plugins.
Preloading 0 native plugins for Editor in 0.00 ms.
Initialize engine version: 2020.3.26f1 (7298b473bc1a)
[Subsystems] Discovering subsystems at path C:/Program Files/2020.3.26f1/Editor/Data/Resources/UnitySubsystems
[Subsystems] Discovering subsystems at path C:/Users/USER/Documents/GitHub/MaWang/TM/Assets
GfxDevice: creating device client; threaded=0
Direct3D:
    Version:  Direct3D 11.0 [level 11.1]
    Renderer: NVIDIA GeForce RTX 3060 (ID=0x2503)
    Vendor:   
    VRAM:     12143 MB
    Driver:   30.0.14.9729
Initialize mono
Mono path[0] = 'C:/Program Files/2020.3.26f1/Editor/Data/Managed'
Mono path[1] = 'C:/Program Files/2020.3.26f1/Editor/Data/MonoBleedingEdge/lib/mono/unityjit'
Mono config path = 'C:/Program Files/2020.3.26f1/Editor/Data/MonoBleedingEdge/etc'
Using monoOptions --debugger-agent=transport=dt_socket,embedding=1,server=y,suspend=n,address=127.0.0.1:56688
Begin MonoManager ReloadAssembly
Registering precompiled unity dll's ...
Register platform support module: C:/Program Files/2020.3.26f1/Editor/Data/PlaybackEngines/WindowsStandaloneSupport/UnityEditor.WindowsStandalone.Extensions.dll
Registered in 0.002891 seconds.
Native extension for WindowsStandalone target not found
Refreshing native plugins compatible for Editor in 39.29 ms, found 3 plugins.
Preloading 0 native plugins for Editor in 0.00 ms.
Mono: successfully reloaded assembly
- Completed reload, in  0.441 seconds
Domain Reload Profiling:
	ReloadAssembly (441ms)
		BeginReloadAssembly (53ms)
			ExecutionOrderSort (0ms)
			DisableScriptedObjects (0ms)
			BackupInstance (0ms)
			ReleaseScriptingObjects (0ms)
			CreateAndSetChildDomain (1ms)
		EndReloadAssembly (329ms)
			LoadAssemblies (50ms)
			RebuildTransferFunctionScriptingTraits (0ms)
			SetupTypeCache (96ms)
			ReleaseScriptCaches (0ms)
			RebuildScriptCaches (20ms)
			SetupLoadedEditorAssemblies (133ms)
				LogAssemblyErrors (0ms)
				InitializePlatformSupportModulesInManaged (4ms)
				SetLoadedEditorAssemblies (0ms)
				RefreshPlugins (39ms)
				BeforeProcessingInitializeOnLoad (13ms)
				ProcessInitializeOnLoadAttributes (58ms)
				ProcessInitializeOnLoadMethodAttributes (19ms)
				AfterProcessingInitializeOnLoad (0ms)
				EditorAssembliesLoaded (0ms)
			ExecutionOrderSort2 (0ms)
			AwakeInstancesAfterBackupRestoration (0ms)
Platform modules already initialized, skipping
Registering precompiled user dll's ...
Registered in 0.006379 seconds.
Begin MonoManager ReloadAssembly
Native extension for WindowsStandalone target not found
Refreshing native plugins compatible for Editor in 34.55 ms, found 3 plugins.
Preloading 0 native plugins for Editor in 0.00 ms.
Mono: successfully reloaded assembly
- Completed reload, in  0.833 seconds
Domain Reload Profiling:
	ReloadAssembly (834ms)
		BeginReloadAssembly (104ms)
			ExecutionOrderSort (0ms)
			DisableScriptedObjects (3ms)
			BackupInstance (0ms)
			ReleaseScriptingObjects (0ms)
			CreateAndSetChildDomain (15ms)
		EndReloadAssembly (681ms)
			LoadAssemblies (83ms)
			RebuildTransferFunctionScriptingTraits (0ms)
			SetupTypeCache (205ms)
			ReleaseScriptCaches (0ms)
			RebuildScriptCaches (30ms)
			SetupLoadedEditorAssemblies (293ms)
				LogAssemblyErrors (0ms)
				InitializePlatformSupportModulesInManaged (3ms)
				SetLoadedEditorAssemblies (0ms)
				RefreshPlugins (35ms)
				BeforeProcessingInitializeOnLoad (71ms)
				ProcessInitializeOnLoadAttributes (164ms)
				ProcessInitializeOnLoadMethodAttributes (11ms)
				AfterProcessingInitializeOnLoad (9ms)
				EditorAssembliesLoaded (0ms)
			ExecutionOrderSort2 (0ms)
			AwakeInstancesAfterBackupRestoration (4ms)
Platform modules already initialized, skipping
========================================================================
Worker process is ready to serve import requests
Launched and connected shader compiler UnityShaderCompiler.exe after 0.04 seconds
Refreshing native plugins compatible for Editor in 0.49 ms, found 3 plugins.
Preloading 0 native plugins for Editor in 0.00 ms.
Unloading 2550 Unused Serialized files (Serialized files now loaded: 0)
System memory in use before: 112.1 MB.
System memory in use after: 112.3 MB.

Unloading 31 unused Assets to reduce memory usage. Loaded Objects now: 2985.
Total: 2.593900 ms (FindLiveObjects: 0.201300 ms CreateObjectMapping: 0.067400 ms MarkObjects: 2.278900 ms  DeleteObjects: 0.045600 ms)

AssetImportParameters requested are different than current active one (requested -> active):
  custom:framework-win-MediaFoundation: 216162199b28c13a410421893ffa2e32 -> 
  custom:video-decoder-ogg-theora: a1e56fd34408186e4bbccfd4996cb3dc -> 
  custom:container-muxer-webm: aa71ff27fc2769a1b78a27578f13a17b -> 
  custom:container-demuxer-webm: 4f35f7cbe854078d1ac9338744f61a02 -> 
  custom:container-demuxer-ogg: 62fdf1f143b41e24485cea50d1cbac27 -> 
  custom:video-encoder-webm-vp8: eb34c28f22e8b96e1ab97ce403110664 -> 
  custom:video-decoder-webm-vp8: 9c59270c3fd7afecdb556c50c9e8de78 -> 
  custom:audio-decoder-ogg-vorbis: bf7c407c2cedff20999df2af8eb42d56 -> 
  custom:audio-encoder-webm-vorbis: bf7c407c2cedff20999df2af8eb42d56 -> 
========================================================================
Received Import Request.
  path: Assets/InputSystem.inputsettings.asset
  artifactKey: Guid(b94aab628219709499c79a15bcf91de6) Importer(815301076,1909f56bfc062723c751e8b465ee728b)
Start importing Assets/InputSystem.inputsettings.asset using Guid(b94aab628219709499c79a15bcf91de6) Importer(815301076,1909f56bfc062723c751e8b465ee728b)  -> (artifact id: 'c3c491ad0a35ea58ca01c3e46539e3fb') in 0.029964 seconds 
  Import took 0.033001 seconds .

========================================================================
Received Import Request.
  Time since last request: 13.305450 seconds.
  path: Assets/Resources/UI/cell.prefab
  artifactKey: Guid(02a0d499b8807fa458d10631a05180fc) Importer(815301076,1909f56bfc062723c751e8b465ee728b)
Start importing Assets/Resources/UI/cell.prefab using Guid(02a0d499b8807fa458d10631a05180fc) Importer(815301076,1909f56bfc062723c751e8b465ee728b)  -> (artifact id: '28ce62077ca5ba3f1ad833432b5a568d') in 0.018118 seconds 
  Import took 0.021082 seconds .

========================================================================
Received Import Request.
  Time since last request: 0.000167 seconds.
  path: Assets/Resources/UI/line.prefab
  artifactKey: Guid(808db98bd898ed04c9bda2ca155cb8e6) Importer(815301076,1909f56bfc062723c751e8b465ee728b)
Start importing Assets/Resources/UI/line.prefab using Guid(808db98bd898ed04c9bda2ca155cb8e6) Importer(815301076,1909f56bfc062723c751e8b465ee728b)  -> (artifact id: '9249e35d500e4656ce0721e5f3578909') in 0.004834 seconds 
  Import took 0.007068 seconds .

========================================================================
Received Import Request.
  Time since last request: 0.649980 seconds.
  path: Assets/Resources/Stage1_Normal/Characters/Enemy_Slime1.prefab
  artifactKey: Guid(e2b61f8c6e1f6d541ae96752f09eee5d) Importer(815301076,1909f56bfc062723c751e8b465ee728b)
Start importing Assets/Resources/Stage1_Normal/Characters/Enemy_Slime1.prefab using Guid(e2b61f8c6e1f6d541ae96752f09eee5d) Importer(815301076,1909f56bfc062723c751e8b465ee728b)  -> (artifact id: 'bf8f0ccc9efbd49e518479b8cff9d5cc') in 0.036853 seconds 
  Import took 0.039892 seconds .

========================================================================
Received Import Request.
  Time since last request: 0.000204 seconds.
  path: Assets/Resources/Stage1_Normal/Characters/Enemy_Slime2.prefab
  artifactKey: Guid(ab89f5f377afefe4fac497d5d839e4d0) Importer(815301076,1909f56bfc062723c751e8b465ee728b)
Start importing Assets/Resources/Stage1_Normal/Characters/Enemy_Slime2.prefab using Guid(ab89f5f377afefe4fac497d5d839e4d0) Importer(815301076,1909f56bfc062723c751e8b465ee728b)  -> (artifact id: 'fde5af6793d63892f6f26b233ae616f9') in 0.007077 seconds 
  Import took 0.009113 seconds .

========================================================================
Received Import Request.
  Time since last request: 0.000140 seconds.
  path: Assets/Resources/Stage1_Normal/Characters/Obstacle2.prefab
  artifactKey: Guid(cbbcac5ddc38d76439c9987d93cb369a) Importer(815301076,1909f56bfc062723c751e8b465ee728b)
Start importing Assets/Resources/Stage1_Normal/Characters/Obstacle2.prefab using Guid(cbbcac5ddc38d76439c9987d93cb369a) Importer(815301076,1909f56bfc062723c751e8b465ee728b)  -> (artifact id: 'bf94912a243f2a1fa6738a7f21cb9e53') in 0.001983 seconds 
  Import took 0.003814 seconds .

========================================================================
Received Import Request.
  Time since last request: 0.000134 seconds.
  path: Assets/Resources/Stage1_Normal/Characters/Obstacle1.prefab
  artifactKey: Guid(aab90970ec2c9a54c92290be17ee603a) Importer(815301076,1909f56bfc062723c751e8b465ee728b)
Start importing Assets/Resources/Stage1_Normal/Characters/Obstacle1.prefab using Guid(aab90970ec2c9a54c92290be17ee603a) Importer(815301076,1909f56bfc062723c751e8b465ee728b)  -> (artifact id: '936cd61ec7763642dada73b66ed3892c') in 0.001984 seconds 
  Import took 0.003851 seconds .

========================================================================
Received Import Request.
  Time since last request: 1.112646 seconds.
  path: Assets/Resources/Stage1_Elite/Characters/Enemy_Slime3.prefab
  artifactKey: Guid(f503441d346fc954399452a0ec319806) Importer(815301076,1909f56bfc062723c751e8b465ee728b)
Start importing Assets/Resources/Stage1_Elite/Characters/Enemy_Slime3.prefab using Guid(f503441d346fc954399452a0ec319806) Importer(815301076,1909f56bfc062723c751e8b465ee728b)  -> (artifact id: '09a68ae613f6f702e6de2706d38e0189') in 0.007028 seconds 
  Import took 0.009862 seconds .

========================================================================
Received Import Request.
  Time since last request: 0.000173 seconds.
  path: Assets/Resources/Stage1_Elite/Characters/Obstacle2.prefab
  artifactKey: Guid(e99f8f842f8905c4c9e4c9019b8089d4) Importer(815301076,1909f56bfc062723c751e8b465ee728b)
Start importing Assets/Resources/Stage1_Elite/Characters/Obstacle2.prefab using Guid(e99f8f842f8905c4c9e4c9019b8089d4) Importer(815301076,1909f56bfc062723c751e8b465ee728b)  -> (artifact id: 'd18db8934665214b7a1f15bfb4216ad5') in 0.001980 seconds 
  Import took 0.003720 seconds .

AssetImportWorkerClient::OnTransportError - code=2 error=End of file
